#-----------------------------------------------------------
# Vivado v2019.1 (64-bit)
# SW Build 2552052 on Fri May 24 14:49:42 MDT 2019
# IP Build 2548770 on Fri May 24 18:01:18 MDT 2019
# Start of session at: Wed Nov 29 17:11:56 2023
# Process ID: 16304
# Current directory: D:/UNI/Fall 2023/Archture/Testing vivado/omg/omg/Final_code_sunday/Final_Code
# Command line: vivado.exe -gui_launcher_event rodinguilauncherevent3128 D:\UNI\Fall 2023\Archture\Testing vivado\omg\omg\Final_code_sunday\Final_Code\Final_Code.xpr
# Log file: D:/UNI/Fall 2023/Archture/Testing vivado/omg/omg/Final_code_sunday/Final_Code/vivado.log
# Journal file: D:/UNI/Fall 2023/Archture/Testing vivado/omg/omg/Final_code_sunday/Final_Code\vivado.jou
#-----------------------------------------------------------
start_gui
open_project {D:/UNI/Fall 2023/Archture/Testing vivado/omg/omg/Final_code_sunday/Final_Code/Final_Code.xpr}
CRITICAL WARNING: [Project 1-19] Could not find the file 'D:/UNI/Fall 2023/Archture/Testing vivado/omg/omg/Final_code_sunday/verilod files/BCD.v'.
CRITICAL WARNING: [Project 1-19] Could not find the file 'D:/UNI/Fall 2023/Archture/Testing vivado/omg/omg/Final_code_sunday/verilod files/Four_Digit_Seven_Segment_Driver.v'.
Scanning sources...
Finished scanning sources
INFO: [IP_Flow 19-234] Refreshing IP repositories
INFO: [IP_Flow 19-1704] No user IP repositories specified
INFO: [IP_Flow 19-2313] Loaded Vivado IP repository 'D:/UNI/Vivado/Program/Vivado/2019.1/data/ip'.
open_project: Time (s): cpu = 00:00:30 ; elapsed = 00:00:19 . Memory (MB): peak = 804.375 ; gain = 197.434
update_compile_order -fileset sources_1
exit
INFO: [Common 17-206] Exiting Vivado at Wed Nov 29 18:17:51 2023...

